[2025-05-14 13:43:53,181][__main__][INFO] - Initializing data provider
[2025-05-14 13:43:53,182][__main__][INFO] - Data directory: C:\Users\Fx\PycharmProjects\fx-ai/dnb/mlgo
[2025-05-14 13:43:53,183][data.provider.data_bento.databento_file_provider][INFO] - Scanning for metadata in 'C:\Users\Fx\PycharmProjects\fx-ai/dnb/mlgo'...
[2025-05-14 13:43:53,196][data.provider.data_bento.databento_file_provider][INFO] - Found 6 directories, indexed 183 files
[2025-05-14 13:43:53,196][__main__][INFO] - Setting up simulator
[2025-05-14 13:43:53,199][__main__][INFO] - Loading data for MLGO from 2025-03-27 to 2025-03-27
[2025-05-14 13:43:53,199][__main__][INFO] - Using timeframes: ['1s', '1m', '5m', '1d']
[2025-05-14 13:43:53,200][__main__][INFO] - Initializing market from 2025-03-27 00:00:00 to 2025-03-27 23:59:59
[2025-05-14 13:43:53,200][__main__][INFO] - Loading data for MLGO from 2025-03-27 00:00:00+00:00 to 2025-03-27 23:59:59.999999+00:00
[2025-05-14 13:43:53,201][__main__][INFO] - Loading bars_1s from provider for MLGO
[2025-05-14 13:43:54,340][data.provider.data_bento.databento_file_provider][INFO] - Loaded 6466 1s bars for MLGO
[2025-05-14 13:43:54,341][__main__][INFO] - Loaded 6466 rows of bars_1s data for MLGO
[2025-05-14 13:43:54,341][__main__][INFO] - Loading bars_1m from provider for MLGO
[2025-05-14 13:43:54,538][data.provider.data_bento.databento_file_provider][INFO] - Loaded 571 1m bars for MLGO
[2025-05-14 13:43:54,538][__main__][INFO] - Loaded 571 rows of bars_1m data for MLGO
[2025-05-14 13:43:54,539][__main__][INFO] - Loading bars_5m from provider for MLGO
[2025-05-14 13:43:54,539][data.provider.data_bento.databento_file_provider][INFO] - No 5m bar files found for MLGO
[2025-05-14 13:43:54,540][data.provider.data_bento.databento_file_provider][INFO] - No direct 5m bars found for MLGO, building from 1m bars
[2025-05-14 13:43:54,555][data.provider.data_bento.databento_file_provider][INFO] - Loaded 571 1m bars for MLGO
[2025-05-14 13:43:54,560][data.provider.data_bento.databento_file_provider][INFO] - Built 159 5m bars from 1m bars for MLGO
[2025-05-14 13:43:54,561][__main__][INFO] - Loaded 159 rows of bars_5m data for MLGO
[2025-05-14 13:43:54,561][__main__][INFO] - Loading bars_1d from provider for MLGO
[2025-05-14 13:43:54,583][data.provider.data_bento.databento_file_provider][INFO] - Loaded 1 1d bars for MLGO
[2025-05-14 13:43:54,584][__main__][INFO] - Loaded 1 rows of bars_1d data for MLGO
[2025-05-14 13:43:54,584][__main__][INFO] - Loading trades from provider for MLGO
[2025-05-14 13:43:59,821][data.provider.data_bento.databento_file_provider][INFO] - Loaded 21111 trades for MLGO
[2025-05-14 13:43:59,821][__main__][INFO] - Loaded 21111 rows of trades data for MLGO
[2025-05-14 13:43:59,822][__main__][INFO] - Loading quotes from provider for MLGO
[2025-05-14 13:45:20,518][data.provider.data_bento.databento_file_provider][INFO] - Loaded 193387 quotes for MLGO
[2025-05-14 13:45:20,521][__main__][INFO] - Loaded 193387 rows of quotes data for MLGO
[2025-05-14 13:45:20,521][__main__][INFO] - Loading status from provider for MLGO
[2025-05-14 13:45:20,923][data.provider.data_bento.databento_file_provider][INFO] - Loaded 6 status records for MLGO
[2025-05-14 13:45:20,924][__main__][INFO] - Loaded 6 rows of status data for MLGO
[2025-05-14 13:45:20,924][__main__][INFO] - Data for MLGO is not a DataFrame type: <class 'dict'>
[2025-05-14 13:45:20,925][__main__][WARNING] - WARNING: Could not find valid price data, using default values
[2025-05-14 13:45:20,925][__main__][INFO] - Market initialized: Price=$10.0000, Bid=$9.9500, Ask=$10.0500, Spread=$0.1000
[2025-05-14 13:45:20,925][__main__][WARNING] - WARNING: Could not find valid price data, using default values
[2025-05-14 13:45:20,926][__main__][INFO] - Market initialized: Price=$10.0000, Bid=$9.9500, Ask=$10.0500, Spread=$0.1000
[2025-05-14 13:45:20,926][__main__][INFO] - Extracting features for MLGO
[2025-05-14 13:45:20,926][__main__][WARNING] - No features extracted for MLGO
[2025-05-14 13:45:20,926][__main__][INFO] - Creating trading environment
