[2025-05-14 13:46:27,974][__main__][INFO] - Initializing data provider
[2025-05-14 13:46:27,976][__main__][INFO] - Data directory: C:\Users\Fx\PycharmProjects\fx-ai/dnb/mlgo
[2025-05-14 13:46:27,976][data.provider.data_bento.databento_file_provider][INFO] - Scanning for metadata in 'C:\Users\Fx\PycharmProjects\fx-ai/dnb/mlgo'...
[2025-05-14 13:46:27,990][data.provider.data_bento.databento_file_provider][INFO] - Found 6 directories, indexed 183 files
[2025-05-14 13:46:27,990][__main__][INFO] - Setting up simulator
[2025-05-14 13:46:27,992][__main__][INFO] - Loading data for MLGO from 2025-03-27 to 2025-03-27
[2025-05-14 13:46:27,992][__main__][INFO] - Using timeframes: ['1s', '1m', '5m', '1d']
[2025-05-14 13:46:27,993][__main__][INFO] - Initializing market from 2025-03-27 00:00:00 to 2025-03-27 23:59:59
[2025-05-14 13:46:27,993][__main__][INFO] - Loading data for MLGO from 2025-03-27 00:00:00+00:00 to 2025-03-27 23:59:59.999999+00:00
[2025-05-14 13:46:27,994][__main__][INFO] - Loading bars_1s from provider for MLGO
[2025-05-14 13:46:29,156][data.provider.data_bento.databento_file_provider][INFO] - Loaded 6466 1s bars for MLGO
[2025-05-14 13:46:29,156][__main__][INFO] - Loaded 6466 rows of bars_1s data for MLGO
[2025-05-14 13:46:29,157][__main__][INFO] - Loading bars_1m from provider for MLGO
[2025-05-14 13:46:29,336][data.provider.data_bento.databento_file_provider][INFO] - Loaded 571 1m bars for MLGO
[2025-05-14 13:46:29,336][__main__][INFO] - Loaded 571 rows of bars_1m data for MLGO
[2025-05-14 13:46:29,336][__main__][INFO] - Loading bars_5m from provider for MLGO
[2025-05-14 13:46:29,336][data.provider.data_bento.databento_file_provider][INFO] - No 5m bar files found for MLGO
[2025-05-14 13:46:29,337][data.provider.data_bento.databento_file_provider][INFO] - No direct 5m bars found for MLGO, building from 1m bars
[2025-05-14 13:46:29,351][data.provider.data_bento.databento_file_provider][INFO] - Loaded 571 1m bars for MLGO
[2025-05-14 13:46:29,357][data.provider.data_bento.databento_file_provider][INFO] - Built 159 5m bars from 1m bars for MLGO
[2025-05-14 13:46:29,357][__main__][INFO] - Loaded 159 rows of bars_5m data for MLGO
[2025-05-14 13:46:29,357][__main__][INFO] - Loading bars_1d from provider for MLGO
[2025-05-14 13:46:29,376][data.provider.data_bento.databento_file_provider][INFO] - Loaded 1 1d bars for MLGO
[2025-05-14 13:46:29,376][__main__][INFO] - Loaded 1 rows of bars_1d data for MLGO
[2025-05-14 13:46:29,377][__main__][INFO] - Loading trades from provider for MLGO
[2025-05-14 13:46:34,342][data.provider.data_bento.databento_file_provider][INFO] - Loaded 21111 trades for MLGO
[2025-05-14 13:46:34,343][__main__][INFO] - Loaded 21111 rows of trades data for MLGO
[2025-05-14 13:46:34,343][__main__][INFO] - Loading quotes from provider for MLGO
[2025-05-14 13:47:53,669][data.provider.data_bento.databento_file_provider][INFO] - Loaded 193387 quotes for MLGO
[2025-05-14 13:47:53,672][__main__][INFO] - Loaded 193387 rows of quotes data for MLGO
[2025-05-14 13:47:53,672][__main__][INFO] - Loading status from provider for MLGO
[2025-05-14 13:47:54,041][data.provider.data_bento.databento_file_provider][INFO] - Loaded 6 status records for MLGO
[2025-05-14 13:47:54,041][__main__][INFO] - Loaded 6 rows of status data for MLGO
[2025-05-14 13:47:54,041][__main__][INFO] - Data for MLGO is not a DataFrame type: <class 'dict'>
[2025-05-14 13:47:54,042][__main__][WARNING] - WARNING: Could not find valid price data, using default values
[2025-05-14 13:47:54,043][__main__][INFO] - Market initialized: Price=$10.0000, Bid=$9.9500, Ask=$10.0500, Spread=$0.1000
[2025-05-14 13:47:54,043][__main__][WARNING] - WARNING: Could not find valid price data, using default values
[2025-05-14 13:47:54,043][__main__][INFO] - Market initialized: Price=$10.0000, Bid=$9.9500, Ask=$10.0500, Spread=$0.1000
[2025-05-14 13:47:54,044][__main__][INFO] - Extracting features for MLGO
[2025-05-14 13:47:54,044][__main__][WARNING] - No features extracted for MLGO
[2025-05-14 13:47:54,044][__main__][INFO] - Creating trading environment
