[2025-05-14 17:25:27,683][__main__][INFO] - Creating simplified trading environment
[2025-05-14 17:25:27,684][__main__][INFO] - Simplified trading environment initialized
[2025-05-14 17:25:27,684][__main__][INFO] - Initializing environment for MLGO from 2025-03-27 to 2025-03-27
[2025-05-14 17:25:27,684][__main__][INFO] - Loading market data for MLGO from 2025-03-27 00:00:00 to 2025-03-27 23:59:59
[2025-05-14 17:25:34,836][__main__][INFO] - Initialized event queue with 190080 events
[2025-05-14 17:25:34,836][__main__][INFO] - Using CPU device
[2025-05-14 17:25:34,837][__main__][INFO] - Creating multi-branch transformer model
[2025-05-14 17:25:34,837][__main__][INFO] - Model config: {'hf_seq_len': 60, 'hf_feat_dim': 20, 'mf_seq_len': 30, 'mf_feat_dim': 15, 'lf_seq_len': 30, 'lf_feat_dim': 10, 'static_feat_dim': 15, 'd_model': 64, 'd_fused': 256, 'hf_layers': 2, 'mf_layers': 2, 'lf_layers': 2, 'hf_heads': 4, 'mf_heads': 4, 'lf_heads': 4, 'action_dim': 1, 'continuous_action': True, 'dropout': 0.1}
[2025-05-14 17:25:34,983][__main__][INFO] - Model created successfully
[2025-05-14 17:25:35,001][__main__][INFO] - W&B callback added successfully
[2025-05-14 17:25:35,001][__main__][INFO] - Setting up PPO trainer
[2025-05-14 17:25:35,001][__main__][INFO] - Training parameters: {'lr': 0.0003, 'gamma': 0.99, 'gae_lambda': 0.95, 'clip_eps': 0.2, 'critic_coef': 0.5, 'entropy_coef': 0.01, 'max_grad_norm': 0.5, 'n_epochs': 10, 'batch_size': 64, 'buffer_size': 2048, 'n_episodes_per_update': 8}
[2025-05-14 17:25:37,068][__main__][INFO] - PPO Trainer initialized on device: cpu
[2025-05-14 17:25:37,068][__main__][INFO] - Model: MultiBranchTransformer
[2025-05-14 17:25:37,068][__main__][INFO] - Learning rate: 0.0003
[2025-05-14 17:25:37,069][__main__][INFO] - Starting training for 100 updates
[2025-05-14 17:25:37,069][__main__][INFO] - Starting training for 100 updates
[2025-05-14 17:25:40,263][__main__][INFO] - Update 1/100
[2025-05-14 17:25:40,263][__main__][INFO] - Collecting 8 episodes...
[2025-05-14 17:25:47,465][__main__][INFO] - Initialized event queue with 190080 events
[2025-05-14 17:25:47,466][__main__][INFO] - Environment reset to 2025-03-27 00:00:00
